<?xml version="1.0" encoding="UTF-8"?>
<!-- Generated by org.testng.reporters.JUnitReportReporter -->
<testsuite hostname="NODE263" name="com.irctc.common.tests.IrctcTest" tests="1" failures="0" timestamp="11 Aug 2016 05:55:17 GMT" time="77.570" errors="0">
  <testcase name="irctcTest" time="77.570" classname="com.irctc.common.tests.IrctcTest"/>
</testsuite> <!-- com.irctc.common.tests.IrctcTest -->
